<?xml version="1.0" encoding="UTF-8"?>
<testsuite xmlns:xsi="http://www.w3.org/2001/XMLSchema-instance" xsi:schemaLocation="https://maven.apache.org/surefire/maven-surefire-plugin/xsd/surefire-test-report.xsd" name="ru.mipt.java2017.homework.g694.protsenko.task1.MyCalculatorTest" time="0.099" tests="22" errors="0" skipped="0" failures="0">
  <properties>
    <property name="java.runtime.name" value="OpenJDK Runtime Environment"/>
    <property name="sun.boot.library.path" value="/usr/lib/jvm/java-8-openjdk-amd64/jre/lib/amd64"/>
    <property name="java.vm.version" value="25.131-b11"/>
    <property name="java.vm.vendor" value="Oracle Corporation"/>
    <property name="maven.multiModuleProjectDirectory" value="/home/tiger/mipt-java-2017"/>
    <property name="java.vendor.url" value="http://java.oracle.com/"/>
    <property name="path.separator" value=":"/>
    <property name="guice.disable.misplaced.annotation.check" value="true"/>
    <property name="java.vm.name" value="OpenJDK 64-Bit Server VM"/>
    <property name="file.encoding.pkg" value="sun.io"/>
    <property name="user.country" value="RU"/>
    <property name="sun.java.launcher" value="SUN_STANDARD"/>
    <property name="sun.os.patch.level" value="unknown"/>
    <property name="java.vm.specification.name" value="Java Virtual Machine Specification"/>
    <property name="user.dir" value="/home/tiger/mipt-java-2017"/>
    <property name="java.runtime.version" value="1.8.0_131-8u131-b11-2ubuntu1.17.04.3-b11"/>
    <property name="java.awt.graphicsenv" value="sun.awt.X11GraphicsEnvironment"/>
    <property name="java.endorsed.dirs" value="/usr/lib/jvm/java-8-openjdk-amd64/jre/lib/endorsed"/>
    <property name="os.arch" value="amd64"/>
    <property name="java.io.tmpdir" value="/tmp"/>
    <property name="line.separator" value="&#10;"/>
    <property name="java.vm.specification.vendor" value="Oracle Corporation"/>
    <property name="os.name" value="Linux"/>
    <property name="classworlds.conf" value="/usr/share/maven/bin/m2.conf"/>
    <property name="sun.jnu.encoding" value="UTF-8"/>
    <property name="java.library.path" value="/home/tiger/Документы/jetbrains/idea-IU-172.3757.52/bin::/usr/java/packages/lib/amd64:/usr/lib/x86_64-linux-gnu/jni:/lib/x86_64-linux-gnu:/usr/lib/x86_64-linux-gnu:/usr/lib/jni:/lib:/usr/lib"/>
    <property name="java.specification.name" value="Java Platform API Specification"/>
    <property name="java.class.version" value="52.0"/>
    <property name="sun.management.compiler" value="HotSpot 64-Bit Tiered Compilers"/>
    <property name="os.version" value="4.10.0-35-generic"/>
    <property name="user.home" value="/home/tiger"/>
    <property name="user.timezone" value="Europe/Moscow"/>
    <property name="java.awt.printerjob" value="sun.print.PSPrinterJob"/>
    <property name="file.encoding" value="UTF-8"/>
    <property name="java.specification.version" value="1.8"/>
    <property name="user.name" value="tiger"/>
    <property name="java.class.path" value="/usr/share/maven/boot/plexus-classworlds-2.x.jar"/>
    <property name="java.vm.specification.version" value="1.8"/>
    <property name="sun.arch.data.model" value="64"/>
    <property name="java.home" value="/usr/lib/jvm/java-8-openjdk-amd64/jre"/>
    <property name="sun.java.command" value="org.codehaus.plexus.classworlds.launcher.Launcher install"/>
    <property name="java.specification.vendor" value="Oracle Corporation"/>
    <property name="user.language" value="ru"/>
    <property name="awt.toolkit" value="sun.awt.X11.XToolkit"/>
    <property name="java.vm.info" value="mixed mode"/>
    <property name="java.version" value="1.8.0_131"/>
    <property name="java.ext.dirs" value="/usr/lib/jvm/java-8-openjdk-amd64/jre/lib/ext:/usr/java/packages/lib/ext"/>
    <property name="securerandom.source" value="file:/dev/./urandom"/>
    <property name="sun.boot.class.path" value="/usr/lib/jvm/java-8-openjdk-amd64/jre/lib/resources.jar:/usr/lib/jvm/java-8-openjdk-amd64/jre/lib/rt.jar:/usr/lib/jvm/java-8-openjdk-amd64/jre/lib/sunrsasign.jar:/usr/lib/jvm/java-8-openjdk-amd64/jre/lib/jsse.jar:/usr/lib/jvm/java-8-openjdk-amd64/jre/lib/jce.jar:/usr/lib/jvm/java-8-openjdk-amd64/jre/lib/charsets.jar:/usr/lib/jvm/java-8-openjdk-amd64/jre/lib/jfr.jar:/usr/lib/jvm/java-8-openjdk-amd64/jre/classes"/>
    <property name="java.vendor" value="Oracle Corporation"/>
    <property name="maven.home" value="/usr/share/maven"/>
    <property name="file.separator" value="/"/>
    <property name="java.vendor.url.bug" value="http://bugreport.sun.com/bugreport/"/>
    <property name="sun.cpu.endian" value="little"/>
    <property name="sun.io.unicode.encoding" value="UnicodeLittle"/>
    <property name="sun.cpu.isalist" value=""/>
  </properties>
  <testcase name="testBadString" classname="ru.mipt.java2017.homework.g694.protsenko.task1.MyCalculatorTest" time="0.002"/>
  <testcase name="testBadSymbolAtStart" classname="ru.mipt.java2017.homework.g694.protsenko.task1.MyCalculatorTest" time="0"/>
  <testcase name="testPlainOrdering" classname="ru.mipt.java2017.homework.g694.protsenko.task1.MyCalculatorTest" time="0.003"/>
  <testcase name="testMinus" classname="ru.mipt.java2017.homework.g694.protsenko.task1.MyCalculatorTest" time="0.001"/>
  <testcase name="testNull" classname="ru.mipt.java2017.homework.g694.protsenko.task1.MyCalculatorTest" time="0"/>
  <testcase name="testPlusPlus" classname="ru.mipt.java2017.homework.g694.protsenko.task1.MyCalculatorTest" time="0"/>
  <testcase name="testDivisionAssociativity" classname="ru.mipt.java2017.homework.g694.protsenko.task1.MyCalculatorTest" time="0.001"/>
  <testcase name="testBasicOps" classname="ru.mipt.java2017.homework.g694.protsenko.task1.MyCalculatorTest" time="0.001"/>
  <testcase name="testTooMuchBraces" classname="ru.mipt.java2017.homework.g694.protsenko.task1.MyCalculatorTest" time="0"/>
  <testcase name="testTooFewBraces" classname="ru.mipt.java2017.homework.g694.protsenko.task1.MyCalculatorTest" time="0"/>
  <testcase name="testBadSymbolInDigitEnd" classname="ru.mipt.java2017.homework.g694.protsenko.task1.MyCalculatorTest" time="0.001"/>
  <testcase name="testBadSymbolInDigitStart" classname="ru.mipt.java2017.homework.g694.protsenko.task1.MyCalculatorTest" time="0"/>
  <testcase name="testAdditionalSpaceSymbols" classname="ru.mipt.java2017.homework.g694.protsenko.task1.MyCalculatorTest" time="0.001"/>
  <testcase name="testEmptyBraces" classname="ru.mipt.java2017.homework.g694.protsenko.task1.MyCalculatorTest" time="0"/>
  <testcase name="testSpacesString" classname="ru.mipt.java2017.homework.g694.protsenko.task1.MyCalculatorTest" time="0"/>
  <testcase name="testEmptyString" classname="ru.mipt.java2017.homework.g694.protsenko.task1.MyCalculatorTest" time="0"/>
  <testcase name="testBracesOrdering" classname="ru.mipt.java2017.homework.g694.protsenko.task1.MyCalculatorTest" time="0.001"/>
  <testcase name="testDivisionByZero" classname="ru.mipt.java2017.homework.g694.protsenko.task1.MyCalculatorTest" time="0.004"/>
  <testcase name="testUnaryMultiply" classname="ru.mipt.java2017.homework.g694.protsenko.task1.MyCalculatorTest" time="0"/>
  <testcase name="testOver9k" classname="ru.mipt.java2017.homework.g694.protsenko.task1.MyCalculatorTest" time="0.001"/>
  <testcase name="testSpaces" classname="ru.mipt.java2017.homework.g694.protsenko.task1.MyCalculatorTest" time="0.001"/>
  <testcase name="testBadNumber" classname="ru.mipt.java2017.homework.g694.protsenko.task1.MyCalculatorTest" time="0"/>
</testsuite>