<?xml version="1.0" encoding="UTF-8"?>
<testsuite xmlns:xsi="http://www.w3.org/2001/XMLSchema-instance" xsi:schemaLocation="https://maven.apache.org/surefire/maven-surefire-plugin/xsd/surefire-test-report.xsd" name="ru.mipt.java2017.homework.g696.Serov.task1.MyCalculatorTest" time="0.062" tests="22" errors="0" skipped="0" failures="0">
  <properties>
    <property name="java.runtime.name" value="Java(TM) SE Runtime Environment"/>
    <property name="java.vm.version" value="9+181"/>
    <property name="sun.boot.library.path" value="C:\Program Files\Java\jdk-9\bin"/>
    <property name="maven.multiModuleProjectDirectory" value="C:\git\mipt-java-2017\homework-g696-Serov"/>
    <property name="java.vm.vendor" value="Oracle Corporation"/>
    <property name="java.vendor.url" value="http://java.oracle.com/"/>
    <property name="guice.disable.misplaced.annotation.check" value="true"/>
    <property name="path.separator" value=";"/>
    <property name="java.vm.name" value="Java HotSpot(TM) 64-Bit Server VM"/>
    <property name="file.encoding.pkg" value="sun.io"/>
    <property name="sun.os.patch.level" value="Service Pack 1"/>
    <property name="user.script" value=""/>
    <property name="user.country" value="RU"/>
    <property name="sun.java.launcher" value="SUN_STANDARD"/>
    <property name="java.vm.specification.name" value="Java Virtual Machine Specification"/>
    <property name="user.dir" value="C:\git\mipt-java-2017\homework-g696-Serov"/>
    <property name="java.vm.compressedOopsMode" value="32-bit"/>
    <property name="java.runtime.version" value="9+181"/>
    <property name="java.awt.graphicsenv" value="sun.awt.Win32GraphicsEnvironment"/>
    <property name="os.arch" value="amd64"/>
    <property name="java.io.tmpdir" value="C:\Users\User\AppData\Local\Temp\"/>
    <property name="line.separator" value="&#10;"/>
    <property name="java.vm.specification.vendor" value="Oracle Corporation"/>
    <property name="user.variant" value=""/>
    <property name="os.name" value="Windows 7"/>
    <property name="classworlds.conf" value="C:\Program Files\maven\bin\..\bin\m2.conf"/>
    <property name="sun.jnu.encoding" value="Cp1251"/>
    <property name="java.library.path" value="C:\Program Files\Java\jdk-9\bin;C:\Windows\Sun\Java\bin;C:\Windows\system32;C:\Windows;C:\ProgramData\Oracle\Java\javapath;C:\Program Files (x86)\Intel\iCLS Client\;C:\Program Files\Intel\iCLS Client\;C:\Windows\system32;C:\Windows;C:\Windows\System32\Wbem;C:\Windows\System32\WindowsPowerShell\v1.0\;C:\Program Files (x86)\Intel\Intel(R) Management Engine Components\DAL;C:\Program Files\Intel\Intel(R) Management Engine Components\DAL;C:\Program Files (x86)\Intel\Intel(R) Management Engine Components\IPT;C:\Program Files\Intel\Intel(R) Management Engine Components\IPT;C:\Program Files (x86)\NVIDIA Corporation\PhysX\Common;C:\Windows\system32\config\systemprofile\.dnx\bin;C:\Program Files\Microsoft DNX\Dnvm\;C:\Program Files\Microsoft SQL Server\130\Tools\Binn\;C:\Program Files (x86)\Windows Kits\8.1\Windows Performance Toolkit\;C:\game\Git\cmd;C:\PostgreSQL\pg95\bin;C:\Program Files (x86)\Skype\Phone\;C:\Python34; C:\Python34\python.exe;C:\Games\Git\cmd;C:\Program Files\maven\\bin&quot;;."/>
    <property name="maven.conf" value="C:\Program Files\maven\bin\../conf"/>
    <property name="jdk.debug" value="release"/>
    <property name="java.class.version" value="53.0"/>
    <property name="java.specification.name" value="Java Platform API Specification"/>
    <property name="sun.management.compiler" value="HotSpot 64-Bit Tiered Compilers"/>
    <property name="os.version" value="6.1"/>
    <property name="library.jansi.path" value="C:\Program Files\maven\bin\..\lib\jansi-native\windows64"/>
    <property name="user.home" value="C:\Users\User"/>
    <property name="user.timezone" value="Europe/Moscow"/>
    <property name="java.awt.printerjob" value="sun.awt.windows.WPrinterJob"/>
    <property name="file.encoding" value="Cp1251"/>
    <property name="java.specification.version" value="9"/>
    <property name="user.name" value="User"/>
    <property name="java.class.path" value="C:\Program Files\maven\bin\..\boot\plexus-classworlds-2.5.2.jar"/>
    <property name="java.vm.specification.version" value="9"/>
    <property name="sun.arch.data.model" value="64"/>
    <property name="sun.java.command" value="org.codehaus.plexus.classworlds.launcher.Launcher install"/>
    <property name="java.home" value="C:\Program Files\Java\jdk-9"/>
    <property name="user.language" value="ru"/>
    <property name="java.specification.vendor" value="Oracle Corporation"/>
    <property name="awt.toolkit" value="sun.awt.windows.WToolkit"/>
    <property name="java.vm.info" value="mixed mode"/>
    <property name="java.version" value="9"/>
    <property name="java.vendor" value="Oracle Corporation"/>
    <property name="sun.stderr.encoding" value="cp866"/>
    <property name="maven.home" value="C:\Program Files\maven\bin\.."/>
    <property name="file.separator" value="\"/>
    <property name="java.vendor.url.bug" value="http://bugreport.java.com/bugreport/"/>
    <property name="sun.io.unicode.encoding" value="UnicodeLittle"/>
    <property name="sun.cpu.endian" value="little"/>
    <property name="sun.stdout.encoding" value="cp866"/>
    <property name="sun.desktop" value="windows"/>
    <property name="sun.cpu.isalist" value="amd64"/>
  </properties>
  <testcase name="testBadString" classname="ru.mipt.java2017.homework.g696.Serov.task1.MyCalculatorTest" time="0.002"/>
  <testcase name="testBadSymbolAtStart" classname="ru.mipt.java2017.homework.g696.Serov.task1.MyCalculatorTest" time="0"/>
  <testcase name="testPlainOrdering" classname="ru.mipt.java2017.homework.g696.Serov.task1.MyCalculatorTest" time="0.001"/>
  <testcase name="testMinus" classname="ru.mipt.java2017.homework.g696.Serov.task1.MyCalculatorTest" time="0"/>
  <testcase name="testNull" classname="ru.mipt.java2017.homework.g696.Serov.task1.MyCalculatorTest" time="0"/>
  <testcase name="testPlusPlus" classname="ru.mipt.java2017.homework.g696.Serov.task1.MyCalculatorTest" time="0"/>
  <testcase name="testDivisionAssociativity" classname="ru.mipt.java2017.homework.g696.Serov.task1.MyCalculatorTest" time="0.001"/>
  <testcase name="testBasicOps" classname="ru.mipt.java2017.homework.g696.Serov.task1.MyCalculatorTest" time="0"/>
  <testcase name="testTooMuchBraces" classname="ru.mipt.java2017.homework.g696.Serov.task1.MyCalculatorTest" time="0"/>
  <testcase name="testTooFewBraces" classname="ru.mipt.java2017.homework.g696.Serov.task1.MyCalculatorTest" time="0"/>
  <testcase name="testBadSymbolInDigitEnd" classname="ru.mipt.java2017.homework.g696.Serov.task1.MyCalculatorTest" time="0"/>
  <testcase name="testBadSymbolInDigitStart" classname="ru.mipt.java2017.homework.g696.Serov.task1.MyCalculatorTest" time="0"/>
  <testcase name="testAdditionalSpaceSymbols" classname="ru.mipt.java2017.homework.g696.Serov.task1.MyCalculatorTest" time="0.001"/>
  <testcase name="testEmptyBraces" classname="ru.mipt.java2017.homework.g696.Serov.task1.MyCalculatorTest" time="0"/>
  <testcase name="testSpacesString" classname="ru.mipt.java2017.homework.g696.Serov.task1.MyCalculatorTest" time="0"/>
  <testcase name="testEmptyString" classname="ru.mipt.java2017.homework.g696.Serov.task1.MyCalculatorTest" time="0"/>
  <testcase name="testBracesOrdering" classname="ru.mipt.java2017.homework.g696.Serov.task1.MyCalculatorTest" time="0"/>
  <testcase name="testDivisionByZero" classname="ru.mipt.java2017.homework.g696.Serov.task1.MyCalculatorTest" time="0"/>
  <testcase name="testUnaryMultiply" classname="ru.mipt.java2017.homework.g696.Serov.task1.MyCalculatorTest" time="0.002"/>
  <testcase name="testOver9k" classname="ru.mipt.java2017.homework.g696.Serov.task1.MyCalculatorTest" time="0"/>
  <testcase name="testSpaces" classname="ru.mipt.java2017.homework.g696.Serov.task1.MyCalculatorTest" time="0"/>
  <testcase name="testBadNumber" classname="ru.mipt.java2017.homework.g696.Serov.task1.MyCalculatorTest" time="0"/>
</testsuite>