<?xml version="1.0" encoding="UTF-8" ?>
<testsuite tests="27" failures="0" name="ru.mipt.java2017.homework.g696.pak.task1.TestCalc" time="0.031" errors="0" skipped="0">
  <properties>
    <property name="java.runtime.name" value="Java(TM) SE Runtime Environment"/>
    <property name="sun.boot.library.path" value="C:\Program Files\Java\jdk1.8.0_144\jre\bin"/>
    <property name="java.vm.version" value="25.144-b01"/>
    <property name="java.vm.vendor" value="Oracle Corporation"/>
    <property name="maven.multiModuleProjectDirectory" value="C:\Users\User\Desktop\mipt-java-2017-master\mipt-java-2017-master"/>
    <property name="java.vendor.url" value="http://java.oracle.com/"/>
    <property name="path.separator" value=";"/>
    <property name="guice.disable.misplaced.annotation.check" value="true"/>
    <property name="java.vm.name" value="Java HotSpot(TM) 64-Bit Server VM"/>
    <property name="file.encoding.pkg" value="sun.io"/>
    <property name="user.script" value=""/>
    <property name="user.country" value="RU"/>
    <property name="sun.java.launcher" value="SUN_STANDARD"/>
    <property name="sun.os.patch.level" value=""/>
    <property name="java.vm.specification.name" value="Java Virtual Machine Specification"/>
    <property name="user.dir" value="C:\Users\User\Desktop\mipt-java-2017-master\mipt-java-2017-master"/>
    <property name="java.runtime.version" value="1.8.0_144-b01"/>
    <property name="java.awt.graphicsenv" value="sun.awt.Win32GraphicsEnvironment"/>
    <property name="java.endorsed.dirs" value="C:\Program Files\Java\jdk1.8.0_144\jre\lib\endorsed"/>
    <property name="os.arch" value="amd64"/>
    <property name="java.io.tmpdir" value="C:\Users\User\AppData\Local\Temp\"/>
    <property name="line.separator" value="
"/>
    <property name="java.vm.specification.vendor" value="Oracle Corporation"/>
    <property name="user.variant" value=""/>
    <property name="os.name" value="Windows 10"/>
    <property name="classworlds.conf" value="C:\apache-maven-3.5.0\bin\..\bin\m2.conf"/>
    <property name="sun.jnu.encoding" value="Cp1251"/>
    <property name="java.library.path" value="C:\Program Files\Java\jdk1.8.0_144\bin;C:\WINDOWS\Sun\Java\bin;C:\WINDOWS\system32;C:\WINDOWS;C:\Program Files (x86)\Embarcadero\Studio\19.0\bin;C:\Users\Public\Documents\Embarcadero\Studio\19.0\Bpl;C:\Program Files (x86)\Embarcadero\Studio\19.0\bin64;C:\Users\Public\Documents\Embarcadero\Studio\19.0\Bpl\Win64;C:\ProgramData\Oracle\Java\javapath;C:\Program Files (x86)\Intel\iCLS Client\;C:\Program Files\Intel\iCLS Client\;C:\Windows\system32;C:\Windows;C:\Windows\System32\Wbem;C:\Windows\System32\WindowsPowerShell\v1.0\;C:\Program Files (x86)\Intel\Intel(R) Management Engine Components\DAL;C:\Program Files\Intel\Intel(R) Management Engine Components\DAL;C:\Program Files (x86)\Intel\Intel(R) Management Engine Components\IPT;C:\Program Files\Intel\Intel(R) Management Engine Components\IPT;C:\Program Files (x86)\NVIDIA Corporation\PhysX\Common;C:\Program Files\Intel\WiFi\bin\;C:\Program Files\Common Files\Intel\WirelessCommon\;C:\Users\User\.dnx\bin;C:\Program Files\Microsoft DNX\Dnvm\;C:\Program Files\Microsoft SQL Server\130\Tools\Binn\;C:\WINDOWS\system32;C:\WINDOWS;C:\WINDOWS\System32\Wbem;C:\WINDOWS\System32\WindowsPowerShell\v1.0\;C:\Program Files (x86)\Skype\Phone\;C:\Program Files (x86)\Windows Kits\10\Windows Performance Toolkit\;C:\Program Files\Intel\WiFi\bin\;C:\Program Files\Common Files\Intel\WirelessCommon\;C:\texlive\2016\bin\win32;C:\Users\User\AppData\Local\Microsoft\WindowsApps;C:\Users\User\AppData\Local\GitHubDesktop\bin;C:\apache-maven-3.5.0\bin;."/>
    <property name="maven.conf" value="C:\apache-maven-3.5.0\bin\../conf"/>
    <property name="java.specification.name" value="Java Platform API Specification"/>
    <property name="java.class.version" value="52.0"/>
    <property name="sun.management.compiler" value="HotSpot 64-Bit Tiered Compilers"/>
    <property name="os.version" value="10.0"/>
    <property name="library.jansi.path" value="C:\apache-maven-3.5.0\bin\..\lib\jansi-native\windows64"/>
    <property name="user.home" value="C:\Users\User"/>
    <property name="user.timezone" value="Europe/Moscow"/>
    <property name="java.awt.printerjob" value="sun.awt.windows.WPrinterJob"/>
    <property name="java.specification.version" value="1.8"/>
    <property name="file.encoding" value="Cp1251"/>
    <property name="user.name" value="User"/>
    <property name="java.class.path" value="C:\apache-maven-3.5.0\bin\..\boot\plexus-classworlds-2.5.2.jar"/>
    <property name="java.vm.specification.version" value="1.8"/>
    <property name="sun.arch.data.model" value="64"/>
    <property name="java.home" value="C:\Program Files\Java\jdk1.8.0_144\jre"/>
    <property name="sun.java.command" value="org.codehaus.plexus.classworlds.launcher.Launcher package"/>
    <property name="java.specification.vendor" value="Oracle Corporation"/>
    <property name="user.language" value="ru"/>
    <property name="awt.toolkit" value="sun.awt.windows.WToolkit"/>
    <property name="java.vm.info" value="mixed mode"/>
    <property name="java.version" value="1.8.0_144"/>
    <property name="java.ext.dirs" value="C:\Program Files\Java\jdk1.8.0_144\jre\lib\ext;C:\WINDOWS\Sun\Java\lib\ext"/>
    <property name="sun.boot.class.path" value="C:\Program Files\Java\jdk1.8.0_144\jre\lib\resources.jar;C:\Program Files\Java\jdk1.8.0_144\jre\lib\rt.jar;C:\Program Files\Java\jdk1.8.0_144\jre\lib\sunrsasign.jar;C:\Program Files\Java\jdk1.8.0_144\jre\lib\jsse.jar;C:\Program Files\Java\jdk1.8.0_144\jre\lib\jce.jar;C:\Program Files\Java\jdk1.8.0_144\jre\lib\charsets.jar;C:\Program Files\Java\jdk1.8.0_144\jre\lib\jfr.jar;C:\Program Files\Java\jdk1.8.0_144\jre\classes"/>
    <property name="sun.stderr.encoding" value="cp866"/>
    <property name="java.vendor" value="Oracle Corporation"/>
    <property name="maven.home" value="C:\apache-maven-3.5.0\bin\.."/>
    <property name="file.separator" value="\"/>
    <property name="java.vendor.url.bug" value="http://bugreport.sun.com/bugreport/"/>
    <property name="sun.cpu.endian" value="little"/>
    <property name="sun.io.unicode.encoding" value="UnicodeLittle"/>
    <property name="sun.stdout.encoding" value="cp866"/>
    <property name="sun.desktop" value="windows"/>
    <property name="sun.cpu.isalist" value="amd64"/>
  </properties>
  <testcase classname="ru.mipt.java2017.homework.g696.pak.task1.TestCalc" name="testInf" time="0.031"/>
  <testcase classname="ru.mipt.java2017.homework.g696.pak.task1.TestCalc" name="MultMultTest" time="0"/>
  <testcase classname="ru.mipt.java2017.homework.g696.pak.task1.TestCalc" name="minusMinusTest" time="0"/>
  <testcase classname="ru.mipt.java2017.homework.g696.pak.task1.TestCalc" name="divDivTest" time="0"/>
  <testcase classname="ru.mipt.java2017.homework.g696.pak.task1.TestCalc" name="testLargeExepression" time="0"/>
  <testcase classname="ru.mipt.java2017.homework.g696.pak.task1.TestCalc" name="testBadString" time="0"/>
  <testcase classname="ru.mipt.java2017.homework.g696.pak.task1.TestCalc" name="testBadSymbolAtStart" time="0"/>
  <testcase classname="ru.mipt.java2017.homework.g696.pak.task1.TestCalc" name="testPlainOrdering" time="0"/>
  <testcase classname="ru.mipt.java2017.homework.g696.pak.task1.TestCalc" name="testMinus" time="0"/>
  <testcase classname="ru.mipt.java2017.homework.g696.pak.task1.TestCalc" name="testNull" time="0"/>
  <testcase classname="ru.mipt.java2017.homework.g696.pak.task1.TestCalc" name="testPlusPlus" time="0"/>
  <testcase classname="ru.mipt.java2017.homework.g696.pak.task1.TestCalc" name="testDivisionAssociativity" time="0"/>
  <testcase classname="ru.mipt.java2017.homework.g696.pak.task1.TestCalc" name="testBasicOps" time="0"/>
  <testcase classname="ru.mipt.java2017.homework.g696.pak.task1.TestCalc" name="testTooMuchBraces" time="0"/>
  <testcase classname="ru.mipt.java2017.homework.g696.pak.task1.TestCalc" name="testTooFewBraces" time="0"/>
  <testcase classname="ru.mipt.java2017.homework.g696.pak.task1.TestCalc" name="testBadSymbolInDigitEnd" time="0"/>
  <testcase classname="ru.mipt.java2017.homework.g696.pak.task1.TestCalc" name="testBadSymbolInDigitStart" time="0"/>
  <testcase classname="ru.mipt.java2017.homework.g696.pak.task1.TestCalc" name="testAdditionalSpaceSymbols" time="0"/>
  <testcase classname="ru.mipt.java2017.homework.g696.pak.task1.TestCalc" name="testEmptyBraces" time="0"/>
  <testcase classname="ru.mipt.java2017.homework.g696.pak.task1.TestCalc" name="testSpacesString" time="0"/>
  <testcase classname="ru.mipt.java2017.homework.g696.pak.task1.TestCalc" name="testEmptyString" time="0"/>
  <testcase classname="ru.mipt.java2017.homework.g696.pak.task1.TestCalc" name="testBracesOrdering" time="0"/>
  <testcase classname="ru.mipt.java2017.homework.g696.pak.task1.TestCalc" name="testDivisionByZero" time="0"/>
  <testcase classname="ru.mipt.java2017.homework.g696.pak.task1.TestCalc" name="testUnaryMultiply" time="0"/>
  <testcase classname="ru.mipt.java2017.homework.g696.pak.task1.TestCalc" name="testOver9k" time="0"/>
  <testcase classname="ru.mipt.java2017.homework.g696.pak.task1.TestCalc" name="testSpaces" time="0"/>
  <testcase classname="ru.mipt.java2017.homework.g696.pak.task1.TestCalc" name="testBadNumber" time="0"/>
</testsuite>